Compiling the C compiler identification source file "CMakeCCompilerId.c" failed.
Compiler: /opt/pxc/sdk/AXCF2152/2020.0/sysroots/x86_64-pokysdk-linux/usr/bin/arm-pxc-linux-gnueabi/arm-pxc-linux-gnueabi-gcc 
Build flags: ;-mthumb;-mfpu=neon;-mfloat-abi=hard;-mcpu=cortex-a9
Id flags:  

The output was:
1
/opt/pxc/sdk/AXCF2152/2020.0/sysroots/x86_64-pokysdk-linux/usr/libexec/arm-pxc-linux-gnueabi/gcc/arm-pxc-linux-gnueabi/8.3.0/real-ld: cannot find Scrt1.o: No such file or directory
/opt/pxc/sdk/AXCF2152/2020.0/sysroots/x86_64-pokysdk-linux/usr/libexec/arm-pxc-linux-gnueabi/gcc/arm-pxc-linux-gnueabi/8.3.0/real-ld: cannot find crti.o: No such file or directory
/opt/pxc/sdk/AXCF2152/2020.0/sysroots/x86_64-pokysdk-linux/usr/libexec/arm-pxc-linux-gnueabi/gcc/arm-pxc-linux-gnueabi/8.3.0/real-ld: cannot find crtbeginS.o: No such file or directory
/opt/pxc/sdk/AXCF2152/2020.0/sysroots/x86_64-pokysdk-linux/usr/libexec/arm-pxc-linux-gnueabi/gcc/arm-pxc-linux-gnueabi/8.3.0/real-ld: cannot find -lgcc
/opt/pxc/sdk/AXCF2152/2020.0/sysroots/x86_64-pokysdk-linux/usr/libexec/arm-pxc-linux-gnueabi/gcc/arm-pxc-linux-gnueabi/8.3.0/real-ld: cannot find -lgcc_s
/opt/pxc/sdk/AXCF2152/2020.0/sysroots/x86_64-pokysdk-linux/usr/libexec/arm-pxc-linux-gnueabi/gcc/arm-pxc-linux-gnueabi/8.3.0/real-ld: cannot find -lc
/opt/pxc/sdk/AXCF2152/2020.0/sysroots/x86_64-pokysdk-linux/usr/libexec/arm-pxc-linux-gnueabi/gcc/arm-pxc-linux-gnueabi/8.3.0/real-ld: cannot find -lgcc
/opt/pxc/sdk/AXCF2152/2020.0/sysroots/x86_64-pokysdk-linux/usr/libexec/arm-pxc-linux-gnueabi/gcc/arm-pxc-linux-gnueabi/8.3.0/real-ld: cannot find -lgcc_s
/opt/pxc/sdk/AXCF2152/2020.0/sysroots/x86_64-pokysdk-linux/usr/libexec/arm-pxc-linux-gnueabi/gcc/arm-pxc-linux-gnueabi/8.3.0/real-ld: cannot find crtendS.o: No such file or directory
/opt/pxc/sdk/AXCF2152/2020.0/sysroots/x86_64-pokysdk-linux/usr/libexec/arm-pxc-linux-gnueabi/gcc/arm-pxc-linux-gnueabi/8.3.0/real-ld: cannot find crtn.o: No such file or directory
collect2: error: ld returned 1 exit status


Compiling the CXX compiler identification source file "CMakeCXXCompilerId.cpp" failed.
Compiler: /opt/pxc/sdk/AXCF2152/2020.0/sysroots/x86_64-pokysdk-linux/usr/bin/arm-pxc-linux-gnueabi/arm-pxc-linux-gnueabi-g++ 
Build flags: ;-mthumb;-mfpu=neon;-mfloat-abi=hard;-mcpu=cortex-a9
Id flags:  

The output was:
1
/opt/pxc/sdk/AXCF2152/2020.0/sysroots/x86_64-pokysdk-linux/usr/libexec/arm-pxc-linux-gnueabi/gcc/arm-pxc-linux-gnueabi/8.3.0/real-ld: cannot find Scrt1.o: No such file or directory
/opt/pxc/sdk/AXCF2152/2020.0/sysroots/x86_64-pokysdk-linux/usr/libexec/arm-pxc-linux-gnueabi/gcc/arm-pxc-linux-gnueabi/8.3.0/real-ld: cannot find crti.o: No such file or directory
/opt/pxc/sdk/AXCF2152/2020.0/sysroots/x86_64-pokysdk-linux/usr/libexec/arm-pxc-linux-gnueabi/gcc/arm-pxc-linux-gnueabi/8.3.0/real-ld: cannot find crtbeginS.o: No such file or directory
/opt/pxc/sdk/AXCF2152/2020.0/sysroots/x86_64-pokysdk-linux/usr/libexec/arm-pxc-linux-gnueabi/gcc/arm-pxc-linux-gnueabi/8.3.0/real-ld: cannot find -lstdc++
/opt/pxc/sdk/AXCF2152/2020.0/sysroots/x86_64-pokysdk-linux/usr/libexec/arm-pxc-linux-gnueabi/gcc/arm-pxc-linux-gnueabi/8.3.0/real-ld: cannot find -lm
/opt/pxc/sdk/AXCF2152/2020.0/sysroots/x86_64-pokysdk-linux/usr/libexec/arm-pxc-linux-gnueabi/gcc/arm-pxc-linux-gnueabi/8.3.0/real-ld: cannot find -lgcc_s
/opt/pxc/sdk/AXCF2152/2020.0/sysroots/x86_64-pokysdk-linux/usr/libexec/arm-pxc-linux-gnueabi/gcc/arm-pxc-linux-gnueabi/8.3.0/real-ld: cannot find -lgcc
/opt/pxc/sdk/AXCF2152/2020.0/sysroots/x86_64-pokysdk-linux/usr/libexec/arm-pxc-linux-gnueabi/gcc/arm-pxc-linux-gnueabi/8.3.0/real-ld: cannot find -lc
/opt/pxc/sdk/AXCF2152/2020.0/sysroots/x86_64-pokysdk-linux/usr/libexec/arm-pxc-linux-gnueabi/gcc/arm-pxc-linux-gnueabi/8.3.0/real-ld: cannot find -lgcc_s
/opt/pxc/sdk/AXCF2152/2020.0/sysroots/x86_64-pokysdk-linux/usr/libexec/arm-pxc-linux-gnueabi/gcc/arm-pxc-linux-gnueabi/8.3.0/real-ld: cannot find -lgcc
/opt/pxc/sdk/AXCF2152/2020.0/sysroots/x86_64-pokysdk-linux/usr/libexec/arm-pxc-linux-gnueabi/gcc/arm-pxc-linux-gnueabi/8.3.0/real-ld: cannot find crtendS.o: No such file or directory
/opt/pxc/sdk/AXCF2152/2020.0/sysroots/x86_64-pokysdk-linux/usr/libexec/arm-pxc-linux-gnueabi/gcc/arm-pxc-linux-gnueabi/8.3.0/real-ld: cannot find crtn.o: No such file or directory
collect2: error: ld returned 1 exit status


